make: [ffbuild/.config] Error 1 (ignored)

WARNING: libavformat/allformats.c newer than config_components.h, rerun configure

CC	libavfilter/vf_mswitch.o
CC	libavformat/allformats.o
make: [ffbuild/.config] Error 1 (ignored)
AR	libavformat/libavformat.a
AR	libavfilter/libavfilter.a
LD	ffplay_g
LD	ffmpeg_g
LD	ffprobe_g
STRIP	ffmpeg
STRIP	ffprobe
STRIP	ffplay
OBJCC	libavdevice/audiotoolbox.o
CC	libavdevice/avdevice.o
CC	libavdevice/version.o
CC	libavdevice/utils.o
OBJCC	libavdevice/avfoundation.o
CC	libavdevice/lavfi.o
CC	libavdevice/alldevices.o
CC	libavdevice/xcbgrab.o
GEN	libavdevice/libavdevice.pc
CC	libavfilter/aarch64/vf_bwdif_init_aarch64.o
AS	libavfilter/aarch64/vf_bwdif_neon.o
CC	libavfilter/aarch64/vf_colordetect_init.o
CC	libavfilter/aarch64/vf_nlmeans_init.o
AS	libavfilter/aarch64/vf_colordetect_neon.o
AS	libavfilter/aarch64/vf_nlmeans_neon.o
CC	libavfilter/aeval.o
CC	libavfilter/af_aap.o
CC	libavfilter/af_acontrast.o
CC	libavfilter/af_acopy.o
CC	libavfilter/af_acrossover.o
CC	libavfilter/af_acrusher.o
CC	libavfilter/af_adeclick.o
CC	libavfilter/af_adecorrelate.o
CC	libavfilter/af_adelay.o
CC	libavfilter/af_adenorm.o
CC	libavfilter/af_aderivative.o
CC	libavfilter/af_adrc.o
CC	libavfilter/af_adynamicequalizer.o
CC	libavfilter/af_adynamicsmooth.o
CC	libavfilter/af_aecho.o
CC	libavfilter/af_aemphasis.o
CC	libavfilter/af_aexciter.o
CC	libavfilter/af_afade.o
CC	libavfilter/af_afftdn.o
CC	libavfilter/af_afftfilt.o
CC	libavfilter/af_afir.o
CC	libavfilter/af_aformat.o
CC	libavfilter/af_afreqshift.o
CC	libavfilter/af_afwtdn.o
CC	libavfilter/af_agate.o
CC	libavfilter/af_aiir.o
CC	libavfilter/af_alimiter.o
CC	libavfilter/af_amerge.o
CC	libavfilter/af_amix.o
CC	libavfilter/af_amultiply.o
CC	libavfilter/af_anequalizer.o
CC	libavfilter/af_anlmdn.o
CC	libavfilter/af_anlms.o
CC	libavfilter/af_anull.o
CC	libavfilter/af_apad.o
CC	libavfilter/af_aphaser.o
CC	libavfilter/af_apsyclip.o
CC	libavfilter/af_apulsator.o
CC	libavfilter/af_aresample.o
CC	libavfilter/af_arls.o
CC	libavfilter/af_arnndn.o
CC	libavfilter/af_asdr.o
CC	libavfilter/af_asetnsamples.o
CC	libavfilter/af_asetrate.o
CC	libavfilter/af_ashowinfo.o
CC	libavfilter/af_asoftclip.o
CC	libavfilter/af_aspectralstats.o
CC	libavfilter/af_asubboost.o
CC	libavfilter/af_astats.o
CC	libavfilter/af_asupercut.o
CC	libavfilter/af_atempo.o
CC	libavfilter/af_atilt.o
CC	libavfilter/af_axcorrelate.o
CC	libavfilter/af_biquads.o
CC	libavfilter/af_channelmap.o
CC	libavfilter/af_channelsplit.o
CC	libavfilter/af_chorus.o
CC	libavfilter/af_compand.o
CC	libavfilter/af_compensationdelay.o
CC	libavfilter/af_crossfeed.o
CC	libavfilter/af_crystalizer.o
CC	libavfilter/af_dcshift.o
CC	libavfilter/af_deesser.o
CC	libavfilter/af_dialoguenhance.o
CC	libavfilter/af_drmeter.o
CC	libavfilter/af_dynaudnorm.o
CC	libavfilter/af_earwax.o
CC	libavfilter/af_extrastereo.o
CC	libavfilter/af_firequalizer.o
CC	libavfilter/af_flanger.o
CC	libavfilter/af_haas.o
CC	libavfilter/af_hdcd.o
CC	libavfilter/af_headphone.o
CC	libavfilter/af_join.o
CC	libavfilter/af_loudnorm.o
CC	libavfilter/af_mcompand.o
CC	libavfilter/af_pan.o
CC	libavfilter/af_replaygain.o
CC	libavfilter/af_sidechaincompress.o
CC	libavfilter/af_silencedetect.o
CC	libavfilter/af_silenceremove.o
CC	libavfilter/af_speechnorm.o
CC	libavfilter/af_stereotools.o
CC	libavfilter/af_stereowiden.o
CC	libavfilter/af_superequalizer.o
CC	libavfilter/af_surround.o
CC	libavfilter/af_tremolo.o
CC	libavfilter/af_vibrato.o
CC	libavfilter/af_virtualbass.o
CC	libavfilter/af_volume.o
CC	libavfilter/af_volumedetect.o
CC	libavfilter/allfilters.o
CC	libavfilter/asink_anullsink.o
CC	libavfilter/asrc_afdelaysrc.o
CC	libavfilter/asrc_afirsrc.o
CC	libavfilter/asrc_anoisesrc.o
CC	libavfilter/asrc_hilbert.o
CC	libavfilter/asrc_anullsrc.o
CC	libavfilter/asrc_sinc.o
CC	libavfilter/asrc_sine.o
CC	libavfilter/audio.o
CC	libavfilter/avf_a3dscope.o
CC	libavfilter/avf_abitscope.o
CC	libavfilter/avf_ahistogram.o
CC	libavfilter/avf_aphasemeter.o
CC	libavfilter/avf_avectorscope.o
CC	libavfilter/avf_concat.o
CC	libavfilter/avf_showcqt.o
CC	libavfilter/avf_showcwt.o
CC	libavfilter/avf_showfreqs.o
CC	libavfilter/avf_showspatial.o
CC	libavfilter/avf_showspectrum.o
CC	libavfilter/avf_showvolume.o
CC	libavfilter/avf_showwaves.o
CC	libavfilter/avfilter.o
CC	libavfilter/avfiltergraph.o
CC	libavfilter/boxblur.o
CC	libavfilter/buffersink.o
CC	libavfilter/buffersrc.o
CC	libavfilter/bwdifdsp.o
CC	libavfilter/ccfifo.o
CC	libavfilter/colorspace.o
CC	libavfilter/colorspacedsp.o
CC	libavfilter/drawutils.o
CC	libavfilter/ebur128.o
CC	libavfilter/edge_common.o
CC	libavfilter/f_bench.o
CC	libavfilter/f_cue.o
CC	libavfilter/f_drawgraph.o
CC	libavfilter/f_ebur128.o
CC	libavfilter/f_graphmonitor.o
CC	libavfilter/f_interleave.o
CC	libavfilter/f_latency.o
CC	libavfilter/f_loop.o
CC	libavfilter/f_metadata.o
CC	libavfilter/f_perms.o
CC	libavfilter/f_realtime.o
CC	libavfilter/f_reverse.o
CC	libavfilter/f_segment.o
CC	libavfilter/f_select.o
CC	libavfilter/f_sendcmd.o
CC	libavfilter/f_sidedata.o
CC	libavfilter/f_streamselect.o
CC	libavfilter/formats.o
CC	libavfilter/framepool.o
CC	libavfilter/framequeue.o
CC	libavfilter/framesync.o
CC	libavfilter/generate_wave_table.o
CC	libavfilter/graphdump.o
CC	libavfilter/graphparser.o
CC	libavfilter/lavfutils.o
CC	libavfilter/lswsutils.o
CC	libavfilter/motion_estimation.o
CC	libavfilter/palette.o
CC	libavfilter/psnr.o
CC	libavfilter/qp_table.o
CC	libavfilter/pthread.o
CC	libavfilter/scale_eval.o
CC	libavfilter/scene_sad.o
CC	libavfilter/setpts.o
CC	libavfilter/settb.o
CC	libavfilter/split.o
CC	libavfilter/src_avsynctest.o
CC	libavfilter/src_movie.o
CC	libavfilter/transform.o
CC	libavfilter/trim.o
CC	libavfilter/vaf_spectrumsynth.o
CC	libavfilter/version.o
CC	libavfilter/vf_addroi.o
CC	libavfilter/vf_alphamerge.o
CC	libavfilter/vf_amplify.o
CC	libavfilter/vf_aspect.o
CC	libavfilter/vf_atadenoise.o
CC	libavfilter/vf_avgblur.o
CC	libavfilter/vf_backgroundkey.o
CC	libavfilter/vf_bbox.o
CC	libavfilter/vf_bilateral.o
CC	libavfilter/vf_bitplanenoise.o
CC	libavfilter/vf_blackdetect.o
CC	libavfilter/vf_blackframe.o
CC	libavfilter/vf_blend.o
CC	libavfilter/vf_blockdetect.o
CC	libavfilter/vf_blurdetect.o
CC	libavfilter/vf_bm3d.o
CC	libavfilter/vf_boxblur.o
CC	libavfilter/vf_bwdif.o
CC	libavfilter/vf_ccrepack.o
CC	libavfilter/vf_cas.o
CC	libavfilter/vf_chromakey.o
CC	libavfilter/vf_chromanr.o
CC	libavfilter/vf_chromashift.o
CC	libavfilter/vf_ciescope.o
CC	libavfilter/vf_codecview.o
CC	libavfilter/vf_colorbalance.o
CC	libavfilter/vf_colorchannelmixer.o
CC	libavfilter/vf_colorconstancy.o
CC	libavfilter/vf_colorcontrast.o
CC	libavfilter/vf_colorcorrect.o
CC	libavfilter/vf_colordetect.o
CC	libavfilter/vf_colorize.o
CC	libavfilter/vf_colorkey.o
CC	libavfilter/vf_colorlevels.o
CC	libavfilter/vf_colormap.o
CC	libavfilter/vf_colormatrix.o
CC	libavfilter/vf_colorspace.o
CC	libavfilter/vf_colortemperature.o
CC	libavfilter/vf_convolution.o
CC	libavfilter/vf_convolve.o
CC	libavfilter/vf_copy.o
OBJCC	libavfilter/vf_coreimage.o
CC	libavfilter/vf_corr.o
CC	libavfilter/vf_cover_rect.o
CC	libavfilter/vf_crop.o
CC	libavfilter/vf_cropdetect.o
CC	libavfilter/vf_curves.o
CC	libavfilter/vf_datascope.o
CC	libavfilter/vf_dblur.o
CC	libavfilter/vf_dctdnoiz.o
CC	libavfilter/vf_deband.o
CC	libavfilter/vf_deblock.o
CC	libavfilter/vf_decimate.o
libavfilter/vf_coreimage.m:497:9: warning: 'NSOpenGLPFAAccelerated' is deprecated: first deprecated in macOS 10.14 - OpenGL API deprecated; please use Metal and MetalKit.  (Define GL_SILENCE_DEPRECATION to silence these warnings.) [-Wdeprecated-declarations]
  497 |         NSOpenGLPFAAccelerated,
      |         ^
/Library/Developer/CommandLineTools/SDKs/MacOSX.sdk/System/Library/Frameworks/AppKit.framework/Headers/NSOpenGL.h:80:5: note: 'NSOpenGLPFAAccelerated' has been explicitly marked deprecated here
   80 |     NSOpenGLPFAAccelerated           NS_OPENGL_ENUM_DEPRECATED(10.0, 10.14)  =  73,     /* choose a hardware accelerated renderer       */
      |     ^
libavfilter/vf_coreimage.m:498:9: warning: 'NSOpenGLPFANoRecovery' is deprecated: first deprecated in macOS 10.14 - OpenGL API deprecated; please use Metal and MetalKit.  (Define GL_SILENCE_DEPRECATION to silence these warnings.) [-Wdeprecated-declarations]
  498 |         NSOpenGLPFANoRecovery,
      |         ^
/Library/Developer/CommandLineTools/SDKs/MacOSX.sdk/System/Library/Frameworks/AppKit.framework/Headers/NSOpenGL.h:79:5: note: 'NSOpenGLPFANoRecovery' has been explicitly marked deprecated here
   79 |     NSOpenGLPFANoRecovery            NS_OPENGL_ENUM_DEPRECATED(10.0, 10.14)  =  72,     /* disable all failure recovery systems         */
      |     ^
libavfilter/vf_coreimage.m:499:9: warning: 'NSOpenGLPFAColorSize' is deprecated: first deprecated in macOS 10.14 - OpenGL API deprecated; please use Metal and MetalKit.  (Define GL_SILENCE_DEPRECATION to silence these warnings.) [-Wdeprecated-declarations]
  499 |         NSOpenGLPFAColorSize, 32,
      |         ^
/Library/Developer/CommandLineTools/SDKs/MacOSX.sdk/System/Library/Frameworks/AppKit.framework/Headers/NSOpenGL.h:64:5: note: 'NSOpenGLPFAColorSize' has been explicitly marked deprecated here
   64 |     NSOpenGLPFAColorSize             NS_OPENGL_ENUM_DEPRECATED(10.0, 10.14)  =   8,     /* number of color buffer bits                  */
      |     ^
libavfilter/vf_coreimage.m:496:11: warning: 'NSOpenGLPixelFormatAttribute' is deprecated: first deprecated in macOS 10.14 - OpenGL API deprecated; please use Metal and MetalKit.  (Define GL_SILENCE_DEPRECATION to silence these warnings.) [-Wdeprecated-declarations]
  496 |     const NSOpenGLPixelFormatAttribute attr[] = {
      |           ^
/Library/Developer/CommandLineTools/SDKs/MacOSX.sdk/System/Library/Frameworks/AppKit.framework/Headers/NSOpenGL.h:101:18: note: 'NSOpenGLPixelFormatAttribute' has been explicitly marked deprecated here
  101 | typedef uint32_t NSOpenGLPixelFormatAttribute NS_OPENGL_DEPRECATED(10.0, 10.14);
      |                  ^
libavfilter/vf_coreimage.m:503:5: warning: 'NSOpenGLPixelFormat' is deprecated: first deprecated in macOS 10.14 - Please use Metal or MetalKit. [-Wdeprecated-declarations]
  503 |     NSOpenGLPixelFormat *pixel_format = [[NSOpenGLPixelFormat alloc] initWithAttributes:(void *)&attr];
      |     ^
/Library/Developer/CommandLineTools/SDKs/MacOSX.sdk/System/Library/Frameworks/AppKit.framework/Headers/NSOpenGL.h:115:12: note: 'NSOpenGLPixelFormat' has been explicitly marked deprecated here
  115 | @interface NSOpenGLPixelFormat : NSObject <NSCoding>
      |            ^
libavfilter/vf_coreimage.m:503:63: warning: 'NSOpenGLPixelFormat' is deprecated: first deprecated in macOS 10.14 - Please use Metal or MetalKit. [-Wdeprecated-declarations]
  503 |     NSOpenGLPixelFormat *pixel_format = [[NSOpenGLPixelFormat alloc] initWithAttributes:(void *)&attr];
      |                                                               ^
/Library/Developer/CommandLineTools/SDKs/MacOSX.sdk/System/Library/Frameworks/AppKit.framework/Headers/NSOpenGL.h:115:12: note: 'NSOpenGLPixelFormat' has been explicitly marked deprecated here
  115 | @interface NSOpenGLPixelFormat : NSObject <NSCoding>
      |            ^
libavfilter/vf_coreimage.m:505:69: warning: 'contextWithCGLContext:pixelFormat:colorSpace:options:' is deprecated: first deprecated in macOS 10.14 - Core Image OpenGL API deprecated. (Define CI_SILENCE_GL_DEPRECATION to silence these warnings) [-Wdeprecated-declarations]
  505 |     ctx->glctx                        = CFBridgingRetain([CIContext contextWithCGLContext:CGLGetCurrentContext()
      |                                                                     ^
/Library/Developer/CommandLineTools/SDKs/MacOSX.sdk/System/Library/Frameworks/CoreImage.framework/Headers/CIContext.h:102:1: note: 'contextWithCGLContext:pixelFormat:colorSpace:options:' has been explicitly marked deprecated here
  102 | + (CIContext *)contextWithCGLContext:(CGLContextObj)cglctx
      | ^
CC	libavfilter/vf_dedot.o
CC	libavfilter/vf_deflicker.o
7 warnings generated.
CC	libavfilter/vf_dejudder.o
CC	libavfilter/vf_delogo.o
CC	libavfilter/vf_deshake.o
CC	libavfilter/vf_despill.o
CC	libavfilter/vf_detelecine.o
CC	libavfilter/vf_displace.o
CC	libavfilter/vf_drawbox.o
CC	libavfilter/vf_edgedetect.o
CC	libavfilter/vf_elbg.o
CC	libavfilter/vf_entropy.o
CC	libavfilter/vf_epx.o
CC	libavfilter/vf_eq.o
CC	libavfilter/vf_estdif.o
CC	libavfilter/vf_exposure.o
CC	libavfilter/vf_extractplanes.o
CC	libavfilter/vf_fade.o
CC	libavfilter/vf_feedback.o
CC	libavfilter/vf_fftdnoiz.o
CC	libavfilter/vf_fftfilt.o
CC	libavfilter/vf_field.o
CC	libavfilter/vf_fieldhint.o
CC	libavfilter/vf_fieldmatch.o
CC	libavfilter/vf_fieldorder.o
CC	libavfilter/vf_fillborders.o
CC	libavfilter/vf_find_rect.o
CC	libavfilter/vf_floodfill.o
CC	libavfilter/vf_format.o
CC	libavfilter/vf_fps.o
CC	libavfilter/vf_framepack.o
CC	libavfilter/vf_framerate.o
CC	libavfilter/vf_framestep.o
CC	libavfilter/vf_freezeframes.o
CC	libavfilter/vf_freezedetect.o
CC	libavfilter/vf_fspp.o
CC	libavfilter/vf_fsync.o
CC	libavfilter/vf_gblur.o
CC	libavfilter/vf_geq.o
CC	libavfilter/vf_gradfun.o
CC	libavfilter/vf_grayworld.o
CC	libavfilter/vf_guided.o
CC	libavfilter/vf_hflip.o
CC	libavfilter/vf_histeq.o
CC	libavfilter/vf_histogram.o
CC	libavfilter/vf_hqdn3d.o
CC	libavfilter/vf_hqx.o
CC	libavfilter/vf_hsvkey.o
CC	libavfilter/vf_hue.o
CC	libavfilter/vf_huesaturation.o
CC	libavfilter/vf_hwdownload.o
CC	libavfilter/vf_hwmap.o
CC	libavfilter/vf_hwupload.o
CC	libavfilter/vf_hysteresis.o
CC	libavfilter/vf_identity.o
CC	libavfilter/vf_idet.o
CC	libavfilter/vf_idetdsp.o
CC	libavfilter/vf_il.o
CC	libavfilter/vf_kerndeint.o
CC	libavfilter/vf_lagfun.o
CC	libavfilter/vf_lenscorrection.o
CC	libavfilter/vf_limitdiff.o
CC	libavfilter/vf_limiter.o
CC	libavfilter/vf_lumakey.o
CC	libavfilter/vf_lut.o
CC	libavfilter/vf_lut2.o
CC	libavfilter/vf_lut3d.o
CC	libavfilter/vf_maskedclamp.o
CC	libavfilter/vf_maskedmerge.o
CC	libavfilter/vf_maskedminmax.o
CC	libavfilter/vf_maskedthreshold.o
CC	libavfilter/vf_maskfun.o
CC	libavfilter/vf_mcdeint.o
CC	libavfilter/vf_median.o
CC	libavfilter/vf_mergeplanes.o
CC	libavfilter/vf_mestimate.o
CC	libavfilter/vf_midequalizer.o
CC	libavfilter/vf_minterpolate.o
CC	libavfilter/vf_mix.o
CC	libavfilter/vf_monochrome.o
CC	libavfilter/vf_morpho.o
CC	libavfilter/vf_mpdecimate.o
CC	libavfilter/vf_mswitch.o
CC	libavfilter/vf_multiply.o
CC	libavfilter/vf_negate.o
CC	libavfilter/vf_neighbor.o
CC	libavfilter/vf_nlmeans.o
CC	libavfilter/vf_nnedi.o
CC	libavfilter/vf_noise.o
CC	libavfilter/vf_normalize.o
CC	libavfilter/vf_null.o
CC	libavfilter/vf_overlay.o
CC	libavfilter/vf_owdenoise.o
CC	libavfilter/vf_pad.o
CC	libavfilter/vf_palettegen.o
CC	libavfilter/vf_paletteuse.o
CC	libavfilter/vf_perspective.o
CC	libavfilter/vf_phase.o
CC	libavfilter/vf_photosensitivity.o
CC	libavfilter/vf_pixdesctest.o
CC	libavfilter/vf_pixelize.o
CC	libavfilter/vf_pp7.o
CC	libavfilter/vf_premultiply.o
CC	libavfilter/vf_pseudocolor.o
CC	libavfilter/vf_psnr.o
CC	libavfilter/vf_pullup.o
CC	libavfilter/vf_qp.o
CC	libavfilter/vf_random.o
CC	libavfilter/vf_readeia608.o
CC	libavfilter/vf_readvitc.o
CC	libavfilter/vf_remap.o
CC	libavfilter/vf_removegrain.o
CC	libavfilter/vf_removelogo.o
CC	libavfilter/vf_repeatfields.o
CC	libavfilter/vf_rotate.o
CC	libavfilter/vf_sab.o
CC	libavfilter/vf_scale.o
CC	libavfilter/vf_scale_vt.o
CC	libavfilter/vf_scdet.o
CC	libavfilter/vf_scroll.o
CC	libavfilter/vf_selectivecolor.o
CC	libavfilter/vf_separatefields.o
CC	libavfilter/vf_setparams.o
CC	libavfilter/vf_shear.o
CC	libavfilter/vf_showinfo.o
CC	libavfilter/vf_showpalette.o
CC	libavfilter/vf_shuffleframes.o
CC	libavfilter/vf_shufflepixels.o
CC	libavfilter/vf_shuffleplanes.o
CC	libavfilter/vf_signalstats.o
CC	libavfilter/vf_signature.o
CC	libavfilter/vf_siti.o
CC	libavfilter/vf_spp.o
CC	libavfilter/vf_smartblur.o
CC	libavfilter/vf_ssim.o
CC	libavfilter/vf_ssim360.o
CC	libavfilter/vf_stack.o
CC	libavfilter/vf_stereo3d.o
CC	libavfilter/vf_super2xsai.o
CC	libavfilter/vf_swaprect.o
CC	libavfilter/vf_swapuv.o
CC	libavfilter/vf_telecine.o
CC	libavfilter/vf_threshold.o
CC	libavfilter/vf_thumbnail.o
CC	libavfilter/vf_tile.o
CC	libavfilter/vf_tiltandshift.o
CC	libavfilter/vf_tinterlace.o
CC	libavfilter/vf_tmidequalizer.o
CC	libavfilter/vf_tonemap.o
CC	libavfilter/vf_tpad.o
CC	libavfilter/vf_transpose.o
CC	libavfilter/vf_transpose_vt.o
CC	libavfilter/vf_unsharp.o
CC	libavfilter/vf_untile.o
CC	libavfilter/vf_uspp.o
CC	libavfilter/vf_v360.o
CC	libavfilter/vf_vaguedenoiser.o
CC	libavfilter/vf_varblur.o
CC	libavfilter/vf_vectorscope.o
CC	libavfilter/vf_vflip.o
CC	libavfilter/vf_vfrdet.o
CC	libavfilter/vf_vibrance.o
CC	libavfilter/vf_vif.o
CC	libavfilter/vf_vignette.o
CC	libavfilter/vf_vmafmotion.o
CC	libavfilter/vf_w3fdif.o
CC	libavfilter/vf_waveform.o
CC	libavfilter/vf_weave.o
CC	libavfilter/vf_xbr.o
CC	libavfilter/vf_xfade.o
CC	libavfilter/vf_xmedian.o
CC	libavfilter/vf_xpsnr.o
CC	libavfilter/vf_yadif.o
CC	libavfilter/vf_yaepblur.o
CC	libavfilter/vf_zoompan.o
CC	libavfilter/video.o
CC	libavfilter/vsink_nullsink.o
CC	libavfilter/vsrc_cellauto.o
CC	libavfilter/vsrc_gradients.o
CC	libavfilter/vsrc_life.o
CC	libavfilter/vsrc_mandelbrot.o
CC	libavfilter/vsrc_mptestsrc.o
CC	libavfilter/vsrc_perlin.o
CC	libavfilter/vsrc_sierpinski.o
CC	libavfilter/vsrc_testsrc.o
CC	libavfilter/yadif_common.o
GEN	libavfilter/libavfilter.pc
CC	libavformat/3dostr.o
CC	libavformat/4xm.o
CC	libavformat/a64.o
CC	libavformat/aacdec.o
CC	libavformat/aadec.o
CC	libavformat/aaxdec.o
CC	libavformat/ac3dec.o
CC	libavformat/ac4dec.o
CC	libavformat/ac4enc.o
CC	libavformat/acedec.o
CC	libavformat/acm.o
CC	libavformat/act.o
CC	libavformat/adp.o
CC	libavformat/ads.o
CC	libavformat/adtsenc.o
CC	libavformat/adxdec.o
CC	libavformat/aeadec.o
CC	libavformat/aeaenc.o
CC	libavformat/afc.o
CC	libavformat/aiff.o
CC	libavformat/aiffdec.o
CC	libavformat/aixdec.o
CC	libavformat/aiffenc.o
CC	libavformat/allformats.o
CC	libavformat/alp.o
CC	libavformat/amr.o
CC	libavformat/amvenc.o
CC	libavformat/anm.o
CC	libavformat/apac.o
CC	libavformat/apc.o
CC	libavformat/ape.o
CC	libavformat/apetag.o
CC	libavformat/apm.o
CC	libavformat/apngdec.o
CC	libavformat/apngenc.o
CC	libavformat/apv.o
CC	libavformat/aptxdec.o
CC	libavformat/apvdec.o
CC	libavformat/apvenc.o
CC	libavformat/aqtitledec.o
CC	libavformat/argo_asf.o
CC	libavformat/argo_brp.o
CC	libavformat/argo_cvg.o
CC	libavformat/asf.o
CC	libavformat/asf_tags.o
CC	libavformat/asfcrypt.o
CC	libavformat/asfdec_f.o
CC	libavformat/asfdec_o.o
CC	libavformat/asfenc.o
CC	libavformat/assdec.o
CC	libavformat/assenc.o
CC	libavformat/ast.o
CC	libavformat/astdec.o
CC	libavformat/astenc.o
CC	libavformat/async.o
CC	libavformat/au.o
CC	libavformat/av1.o
CC	libavformat/av1dec.o
CC	libavformat/avc.o
CC	libavformat/avformat.o
CC	libavformat/avidec.o
CC	libavformat/avio.o
CC	libavformat/avienc.o
CC	libavformat/aviobuf.o
CC	libavformat/avr.o
CC	libavformat/avs.o
CC	libavformat/avs2dec.o
CC	libavformat/avs3dec.o
CC	libavformat/bethsoftvid.o
CC	libavformat/bfi.o
CC	libavformat/binka.o
CC	libavformat/bink.o
CC	libavformat/bintext.o
CC	libavformat/bit.o
CC	libavformat/bmv.o
CC	libavformat/boadec.o
CC	libavformat/bonk.o
CC	libavformat/brstm.o
CC	libavformat/c93.o
CC	libavformat/cache.o
CC	libavformat/caf.o
CC	libavformat/cafdec.o
CC	libavformat/cafenc.o
CC	libavformat/cbs.o
CC	libavformat/cavsvideodec.o
CC	libavformat/cbs_apv.o
CC	libavformat/cbs_av1.o
CC	libavformat/cdg.o
CC	libavformat/cdxl.o
CC	libavformat/cinedec.o
CC	libavformat/codec2.o
CC	libavformat/concat.o
CC	libavformat/concatdec.o
CC	libavformat/crcenc.o
CC	libavformat/dash.o
CC	libavformat/crypto.o
CC	libavformat/dashenc.o
CC	libavformat/data_uri.o
CC	libavformat/dauddec.o
CC	libavformat/daudenc.o
CC	libavformat/dcstr.o
CC	libavformat/demux.o
CC	libavformat/demux_utils.o
CC	libavformat/derf.o
CC	libavformat/dfa.o
CC	libavformat/dfpwmdec.o
CC	libavformat/dhav.o
CC	libavformat/diracdec.o
CC	libavformat/dnxhddec.o
CC	libavformat/dovi_isom.o
CC	libavformat/dsfdec.o
CC	libavformat/dsicin.o
CC	libavformat/dss.o
CC	libavformat/dtsdec.o
CC	libavformat/dtshddec.o
CC	libavformat/dump.o
CC	libavformat/dv.o
CC	libavformat/dvbsub.o
CC	libavformat/dvbtxt.o
CC	libavformat/dvdclut.o
CC	libavformat/dvenc.o
CC	libavformat/dxa.o
CC	libavformat/eacdata.o
CC	libavformat/electronicarts.o
CC	libavformat/epafdec.o
CC	libavformat/evcdec.o
CC	libavformat/evc.o
CC	libavformat/ffmetadec.o
CC	libavformat/ffmetaenc.o
CC	libavformat/fifo.o
CC	libavformat/file.o
CC	libavformat/filmstripdec.o
CC	libavformat/filmstripenc.o
CC	libavformat/fitsenc.o
CC	libavformat/fitsdec.o
CC	libavformat/flac_picture.o
CC	libavformat/flacdec.o
CC	libavformat/flacenc.o
CC	libavformat/flic.o
CC	libavformat/flacenc_header.o
CC	libavformat/flvdec.o
CC	libavformat/flvenc.o
CC	libavformat/format.o
CC	libavformat/framecrcenc.o
CC	libavformat/framehash.o
CC	libavformat/frmdec.o
CC	libavformat/fsb.o
CC	libavformat/ftp.o
CC	libavformat/fwse.o
CC	libavformat/g722.o
CC	libavformat/g723_1.o
CC	libavformat/g728dec.o
CC	libavformat/g726.o
CC	libavformat/g729dec.o
CC	libavformat/gdv.o
CC	libavformat/genh.o
CC	libavformat/gif.o
CC	libavformat/gifdec.o
CC	libavformat/gopher.o
CC	libavformat/gsmdec.o
CC	libavformat/gxf.o
CC	libavformat/gxfenc.o
CC	libavformat/h261dec.o
CC	libavformat/h263dec.o
CC	libavformat/h264dec.o
CC	libavformat/hashenc.o
CC	libavformat/hca.o
CC	libavformat/hcom.o
CC	libavformat/hdsenc.o
CC	libavformat/hevc.o
CC	libavformat/hls.o
CC	libavformat/hevcdec.o
CC	libavformat/hls_sample_encryption.o
CC	libavformat/hlsenc.o
CC	libavformat/hlsplaylist.o
CC	libavformat/hlsproto.o
CC	libavformat/hnm.o
CC	libavformat/http.o
CC	libavformat/httpauth.o
CC	libavformat/hxvs.o
CC	libavformat/iamf.o
CC	libavformat/iamf_parse.o
CC	libavformat/iamf_reader.o
CC	libavformat/iamf_writer.o
CC	libavformat/iamfdec.o
CC	libavformat/iamfenc.o
CC	libavformat/icecast.o
CC	libavformat/icodec.o
CC	libavformat/icoenc.o
CC	libavformat/id3v1.o
CC	libavformat/id3v2enc.o
CC	libavformat/id3v2.o
CC	libavformat/idcin.o
CC	libavformat/idroqdec.o
CC	libavformat/idroqenc.o
CC	libavformat/iff.o
CC	libavformat/ifv.o
CC	libavformat/ilbc.o
CC	libavformat/img2.o
CC	libavformat/img2_alias_pix.o
CC	libavformat/img2_brender_pix.o
CC	libavformat/img2dec.o
CC	libavformat/imx.o
CC	libavformat/img2enc.o
CC	libavformat/ingenientdec.o
CC	libavformat/ip.o
CC	libavformat/ipmovie.o
CC	libavformat/ipfsgateway.o
CC	libavformat/ipudec.o
CC	libavformat/ircam.o
CC	libavformat/ircamdec.o
CC	libavformat/ircamenc.o
CC	libavformat/isom.o
CC	libavformat/isom_tags.o
CC	libavformat/iss.o
CC	libavformat/iv8.o
CC	libavformat/ivfdec.o
CC	libavformat/ivfenc.o
CC	libavformat/jacosubdec.o
CC	libavformat/jpegxl_anim_dec.o
CC	libavformat/jacosubenc.o
CC	libavformat/jvdec.o
CC	libavformat/kvag.o
CC	libavformat/lafdec.o
CC	libavformat/latmenc.o
CC	libavformat/lc3.o
CC	libavformat/lmlm4.o
CC	libavformat/loasdec.o
CC	libavformat/lrc.o
CC	libavformat/lrcdec.o
CC	libavformat/lrcenc.o
CC	libavformat/luodatdec.o
CC	libavformat/lvfdec.o
CC	libavformat/lxfdec.o
CC	libavformat/matroska.o
CC	libavformat/m4vdec.o
CC	libavformat/matroskaenc.o
CC	libavformat/matroskadec.o
CC	libavformat/mca.o
CC	libavformat/mccdec.o
CC	libavformat/mccenc.o
CC	libavformat/md5proto.o
CC	libavformat/metadata.o
CC	libavformat/mgsts.o
CC	libavformat/microdvddec.o
CC	libavformat/microdvdenc.o
CC	libavformat/mj2kdec.o
CC	libavformat/mkvtimestamp_v2.o
CC	libavformat/mlpdec.o
CC	libavformat/mlvdec.o
CC	libavformat/mm.o
CC	libavformat/mmf.o
CC	libavformat/mms.o
CC	libavformat/mmsh.o
CC	libavformat/mmst.o
CC	libavformat/mods.o
CC	libavformat/moflex.o
CC	libavformat/mov.o
CC	libavformat/mov_chan.o
CC	libavformat/mov_esds.o
CC	libavformat/movenc.o
CC	libavformat/movenc_ttml.o
CC	libavformat/movenccenc.o
CC	libavformat/movenchint.o
CC	libavformat/mp3dec.o
CC	libavformat/mp3enc.o
CC	libavformat/mpc8.o
CC	libavformat/mpc.o
CC	libavformat/mpeg.o
CC	libavformat/mpegenc.o
CC	libavformat/mpegts.o
CC	libavformat/mpegtsenc.o
CC	libavformat/mpegvideodec.o
CC	libavformat/mpjpeg.o
CC	libavformat/mpjpegdec.o
CC	libavformat/mpl2dec.o
CC	libavformat/mpsubdec.o
CC	libavformat/msf.o
CC	libavformat/msnwc_tcp.o
CC	libavformat/mspdec.o
CC	libavformat/mswitchdemux.o
CC	libavformat/mswitchdirect.o
CC	libavformat/mtaf.o
libavformat/mswitchdirect.c:173:17: error: call to undeclared function 'av_usleep'; ISO C99 and later do not support implicit function declarations [-Wimplicit-function-declaration]
  173 |                 av_usleep(10000); // 10ms
      |                 ^
1 error generated.
CC	libavformat/mtv.o
make: *** [libavformat/mswitchdirect.o] Error 1
make: *** Waiting for unfinished jobs....
